info it worked if it ends with ok
verbose cli [ 'node', '/usr/bin/npm', 'install', 'jsonlint', '-g' ]
info using npm@1.1.4
info using node@v0.6.12
verbose config file /home/vince/.npmrc
verbose config file /usr/etc/npmrc
verbose config file /usr/share/npm/npmrc
verbose cache add [ 'jsonlint', null ]
silly cache add: name, spec, args [ undefined, 'jsonlint', [ 'jsonlint', null ] ]
verbose parsed url { pathname: 'jsonlint', path: 'jsonlint', href: 'jsonlint' }
verbose addNamed [ 'jsonlint', '' ]
verbose addNamed [ null, '' ]
silly name, range, hasData [ 'jsonlint', '', false ]
verbose raw, before any munging jsonlint
verbose url resolving [ 'https://registry.npmjs.org/', './jsonlint' ]
verbose url resolved https://registry.npmjs.org/jsonlint
http GET https://registry.npmjs.org/jsonlint
http 200 https://registry.npmjs.org/jsonlint
silly get cb [ 200,
silly get cb   { vary: 'Accept',
silly get cb     server: 'CouchDB/1.2.1 (Erlang OTP/R15B)',
silly get cb     etag: '"CYD0JT3VWBGVLS9AR4I9WO7NZ"',
silly get cb     date: 'Thu, 14 Feb 2013 13:49:07 GMT',
silly get cb     'content-type': 'application/json',
silly get cb     'content-length': '28480' } ]
verbose mkdir (expected) error ENOENT, no such file or directory '/home/vince/.npm'
verbose mkdir (expected) error ENOENT, no such file or directory '/home/vince/.npm/jsonlint'
verbose mkdir done: /home/vince/.npm/jsonlint 755
silly name, range, hasData 2 [ 'jsonlint', '', true ]
silly versions [ 'jsonlint',
silly versions   [ '1.2.1',
silly versions     '1.3.0',
silly versions     '1.3.1',
silly versions     '1.3.2',
silly versions     '1.4.0',
silly versions     '1.4.1',
silly versions     '1.5.0',
silly versions     '1.5.1' ] ]
verbose bin dist [ '0.6-ares1.7.5-evundefined-openssl1.0.1-v83.7.12.22-linux-ia32-3.2.0-36-generic',
verbose bin dist   { shasum: '3cf436dcc9f3477ef3d7fa55a5bdf6d893f1c6c6',
verbose bin dist     tarball: 'http://registry.npmjs.org/jsonlint/-/jsonlint-1.5.1.tgz' } ]
verbose addRemoteTarball [ 'https://registry.npmjs.org/jsonlint/-/jsonlint-1.5.1.tgz',
verbose addRemoteTarball   '3cf436dcc9f3477ef3d7fa55a5bdf6d893f1c6c6' ]
verbose mkdir (expected) error ENOENT, no such file or directory '/tmp/npm-1360849864447'
verbose mkdir (expected) error ENOENT, no such file or directory '/tmp/npm-1360849864447/1360849864447-0.42912921379320323'
verbose mkdir done: /tmp/npm-1360849864447/1360849864447-0.42912921379320323 755
verbose fetch to /tmp/npm-1360849864447/1360849864447-0.42912921379320323/tmp.tgz
http GET https://registry.npmjs.org/jsonlint/-/jsonlint-1.5.1.tgz
http 200 https://registry.npmjs.org/jsonlint/-/jsonlint-1.5.1.tgz
silly updated sha bytes 18718
info shasum 3cf436dcc9f3477ef3d7fa55a5bdf6d893f1c6c6
info shasum /tmp/npm-1360849864447/1360849864447-0.42912921379320323/tmp.tgz
verbose mkdir (expected) error ENOENT, no such file or directory '/tmp/npm-1360849864447/1360849864447-0.42912921379320323/___package.npm'
verbose mkdir done: /tmp/npm-1360849864447/1360849864447-0.42912921379320323/___package.npm 755
verbose unpack_ uid, gid [ undefined, undefined ]
verbose unpackTarget /tmp/npm-1360849864447/1360849864447-0.42912921379320323/package
silly gunzTarPerm modes [ '755', '644' ]
silly afterUntar ok
silly asyncMap in gTP /tmp/npm-1360849864447/1360849864447-0.42912921379320323/___package.npm/package
silly asyncMap in gTP /tmp/npm-1360849864447/1360849864447-0.42912921379320323/___package.npm/package/README.md
silly asyncMap in gTP /tmp/npm-1360849864447/1360849864447-0.42912921379320323/___package.npm/package/Makefile
silly asyncMap in gTP /tmp/npm-1360849864447/1360849864447-0.42912921379320323/___package.npm/package/package.json
silly asyncMap in gTP /tmp/npm-1360849864447/1360849864447-0.42912921379320323/___package.npm/package/.npmignore
silly asyncMap in gTP /tmp/npm-1360849864447/1360849864447-0.42912921379320323/___package.npm/package/lib
silly asyncMap in gTP /tmp/npm-1360849864447/1360849864447-0.42912921379320323/___package.npm/package/lib/cli.js
silly asyncMap in gTP /tmp/npm-1360849864447/1360849864447-0.42912921379320323/___package.npm/package/lib/jsonlint.js
silly asyncMap in gTP /tmp/npm-1360849864447/1360849864447-0.42912921379320323/___package.npm/package/scripts
silly asyncMap in gTP /tmp/npm-1360849864447/1360849864447-0.42912921379320323/___package.npm/package/scripts/bundle.js
silly asyncMap in gTP /tmp/npm-1360849864447/1360849864447-0.42912921379320323/___package.npm/package/src
silly asyncMap in gTP /tmp/npm-1360849864447/1360849864447-0.42912921379320323/___package.npm/package/src/jsonlint.l
silly asyncMap in gTP /tmp/npm-1360849864447/1360849864447-0.42912921379320323/___package.npm/package/src/jsonlint.y
silly asyncMap in gTP /tmp/npm-1360849864447/1360849864447-0.42912921379320323/___package.npm/package/web
silly asyncMap in gTP /tmp/npm-1360849864447/1360849864447-0.42912921379320323/___package.npm/package/web/json2.js
silly asyncMap in gTP /tmp/npm-1360849864447/1360849864447-0.42912921379320323/___package.npm/package/web/jsonlint.js
silly asyncMap in gTP /tmp/npm-1360849864447/1360849864447-0.42912921379320323/___package.npm/package/web/jsonlint.html
silly asyncMap in gTP /tmp/npm-1360849864447/1360849864447-0.42912921379320323/___package.npm/package/test
silly asyncMap in gTP /tmp/npm-1360849864447/1360849864447-0.42912921379320323/___package.npm/package/test/all-tests.js
silly asyncMap in gTP /tmp/npm-1360849864447/1360849864447-0.42912921379320323/___package.npm/package/test/fails
silly asyncMap in gTP /tmp/npm-1360849864447/1360849864447-0.42912921379320323/___package.npm/package/test/fails/24.json
silly asyncMap in gTP /tmp/npm-1360849864447/1360849864447-0.42912921379320323/___package.npm/package/test/fails/10.json
silly asyncMap in gTP /tmp/npm-1360849864447/1360849864447-0.42912921379320323/___package.npm/package/test/fails/33.json
silly asyncMap in gTP /tmp/npm-1360849864447/1360849864447-0.42912921379320323/___package.npm/package/test/fails/22.json
silly asyncMap in gTP /tmp/npm-1360849864447/1360849864447-0.42912921379320323/___package.npm/package/test/fails/5.json
silly asyncMap in gTP /tmp/npm-1360849864447/1360849864447-0.42912921379320323/___package.npm/package/test/fails/12.json
silly asyncMap in gTP /tmp/npm-1360849864447/1360849864447-0.42912921379320323/___package.npm/package/test/fails/13.json
silly asyncMap in gTP /tmp/npm-1360849864447/1360849864447-0.42912921379320323/___package.npm/package/test/fails/21.json
silly asyncMap in gTP /tmp/npm-1360849864447/1360849864447-0.42912921379320323/___package.npm/package/test/fails/30.json
silly asyncMap in gTP /tmp/npm-1360849864447/1360849864447-0.42912921379320323/___package.npm/package/test/fails/25.json
silly asyncMap in gTP /tmp/npm-1360849864447/1360849864447-0.42912921379320323/___package.npm/package/test/fails/14.json
silly asyncMap in gTP /tmp/npm-1360849864447/1360849864447-0.42912921379320323/___package.npm/package/test/fails/19.json
silly asyncMap in gTP /tmp/npm-1360849864447/1360849864447-0.42912921379320323/___package.npm/package/test/fails/3.json
silly asyncMap in gTP /tmp/npm-1360849864447/1360849864447-0.42912921379320323/___package.npm/package/test/fails/34.json
silly asyncMap in gTP /tmp/npm-1360849864447/1360849864447-0.42912921379320323/___package.npm/package/test/fails/32.json
silly asyncMap in gTP /tmp/npm-1360849864447/1360849864447-0.42912921379320323/___package.npm/package/test/fails/28.json
silly asyncMap in gTP /tmp/npm-1360849864447/1360849864447-0.42912921379320323/___package.npm/package/test/fails/7.json
silly asyncMap in gTP /tmp/npm-1360849864447/1360849864447-0.42912921379320323/___package.npm/package/test/fails/8.json
silly asyncMap in gTP /tmp/npm-1360849864447/1360849864447-0.42912921379320323/___package.npm/package/test/fails/31.json
silly asyncMap in gTP /tmp/npm-1360849864447/1360849864447-0.42912921379320323/___package.npm/package/test/fails/15.json
silly asyncMap in gTP /tmp/npm-1360849864447/1360849864447-0.42912921379320323/___package.npm/package/test/fails/16.json
silly asyncMap in gTP /tmp/npm-1360849864447/1360849864447-0.42912921379320323/___package.npm/package/test/fails/29.json
silly asyncMap in gTP /tmp/npm-1360849864447/1360849864447-0.42912921379320323/___package.npm/package/test/fails/23.json
silly asyncMap in gTP /tmp/npm-1360849864447/1360849864447-0.42912921379320323/___package.npm/package/test/fails/2.json
silly asyncMap in gTP /tmp/npm-1360849864447/1360849864447-0.42912921379320323/___package.npm/package/test/fails/4.json
silly asyncMap in gTP /tmp/npm-1360849864447/1360849864447-0.42912921379320323/___package.npm/package/test/fails/26.json
silly asyncMap in gTP /tmp/npm-1360849864447/1360849864447-0.42912921379320323/___package.npm/package/test/fails/20.json
silly asyncMap in gTP /tmp/npm-1360849864447/1360849864447-0.42912921379320323/___package.npm/package/test/fails/11.json
silly asyncMap in gTP /tmp/npm-1360849864447/1360849864447-0.42912921379320323/___package.npm/package/test/fails/27.json
silly asyncMap in gTP /tmp/npm-1360849864447/1360849864447-0.42912921379320323/___package.npm/package/test/fails/6.json
silly asyncMap in gTP /tmp/npm-1360849864447/1360849864447-0.42912921379320323/___package.npm/package/test/fails/9.json
silly asyncMap in gTP /tmp/npm-1360849864447/1360849864447-0.42912921379320323/___package.npm/package/test/fails/17.json
silly asyncMap in gTP /tmp/npm-1360849864447/1360849864447-0.42912921379320323/___package.npm/package/test/passes
silly asyncMap in gTP /tmp/npm-1360849864447/1360849864447-0.42912921379320323/___package.npm/package/test/passes/3.json
silly asyncMap in gTP /tmp/npm-1360849864447/1360849864447-0.42912921379320323/___package.npm/package/test/passes/1.json
silly asyncMap in gTP /tmp/npm-1360849864447/1360849864447-0.42912921379320323/___package.npm/package/test/passes/2.json
silly chmod package 755
silly chmod lib 755
silly chmod scripts 755
silly chmod src 755
silly chmod web 755
silly chmod test 755
silly chmod fails 755
silly chmod passes 755
verbose gunzed /tmp/npm-1360849864447/1360849864447-0.42912921379320323/___package.npm/package
verbose rm'ed /tmp/npm-1360849864447/1360849864447-0.42912921379320323/package
verbose renamed [ '/tmp/npm-1360849864447/1360849864447-0.42912921379320323/___package.npm/package',
verbose renamed   '/tmp/npm-1360849864447/1360849864447-0.42912921379320323/package' ]
verbose caching /tmp/npm-1360849864447/1360849864447-0.42912921379320323/package/package.json
verbose loadDefaults jsonlint@1.5.1
verbose tarball contents [ 'package', 'tmp.tgz' ]
verbose from cache /tmp/npm-1360849864447/1360849864447-0.42912921379320323/package/package.json
verbose pack /tmp/npm-1360849864447/1360849864447-0.42912921379320323/package
verbose pack /tmp/npm-1360849864447/1360849864447-0.42912921379320323/package /home/vince/.npm/jsonlint/1.5.1/package.tgz
silly makeList /tmp/npm-1360849864447/1360849864447-0.42912921379320323/package
silly dir, dirLen [ '/tmp/npm-1360849864447/1360849864447-0.42912921379320323/package',
silly dir, dirLen   65 ]
verbose tarball /home/vince/.npm/jsonlint/1.5.1/package.tgz
verbose parent /tmp/npm-1360849864447/1360849864447-0.42912921379320323/package
verbose mkdir (expected) error ENOENT, no such file or directory '/home/vince/.npm/jsonlint/1.5.1/___package.npm'
verbose mkdir done: /home/vince/.npm/jsonlint/1.5.1/___package.npm 755
verbose unpack_ uid, gid [ undefined, undefined ]
verbose unpackTarget /home/vince/.npm/jsonlint/1.5.1/package
silly gunzTarPerm modes [ '755', '644' ]
silly afterUntar ok
silly asyncMap in gTP /home/vince/.npm/jsonlint/1.5.1/___package.npm/package
silly asyncMap in gTP /home/vince/.npm/jsonlint/1.5.1/___package.npm/package/README.md
silly asyncMap in gTP /home/vince/.npm/jsonlint/1.5.1/___package.npm/package/Makefile
silly asyncMap in gTP /home/vince/.npm/jsonlint/1.5.1/___package.npm/package/package.json
silly asyncMap in gTP /home/vince/.npm/jsonlint/1.5.1/___package.npm/package/.npmignore
silly asyncMap in gTP /home/vince/.npm/jsonlint/1.5.1/___package.npm/package/lib
silly asyncMap in gTP /home/vince/.npm/jsonlint/1.5.1/___package.npm/package/lib/cli.js
silly asyncMap in gTP /home/vince/.npm/jsonlint/1.5.1/___package.npm/package/lib/jsonlint.js
silly asyncMap in gTP /home/vince/.npm/jsonlint/1.5.1/___package.npm/package/scripts
silly asyncMap in gTP /home/vince/.npm/jsonlint/1.5.1/___package.npm/package/scripts/bundle.js
silly asyncMap in gTP /home/vince/.npm/jsonlint/1.5.1/___package.npm/package/src
silly asyncMap in gTP /home/vince/.npm/jsonlint/1.5.1/___package.npm/package/src/jsonlint.l
silly asyncMap in gTP /home/vince/.npm/jsonlint/1.5.1/___package.npm/package/src/jsonlint.y
silly asyncMap in gTP /home/vince/.npm/jsonlint/1.5.1/___package.npm/package/web
silly asyncMap in gTP /home/vince/.npm/jsonlint/1.5.1/___package.npm/package/web/json2.js
silly asyncMap in gTP /home/vince/.npm/jsonlint/1.5.1/___package.npm/package/web/jsonlint.js
silly asyncMap in gTP /home/vince/.npm/jsonlint/1.5.1/___package.npm/package/web/jsonlint.html
silly asyncMap in gTP /home/vince/.npm/jsonlint/1.5.1/___package.npm/package/test
silly asyncMap in gTP /home/vince/.npm/jsonlint/1.5.1/___package.npm/package/test/all-tests.js
silly asyncMap in gTP /home/vince/.npm/jsonlint/1.5.1/___package.npm/package/test/fails
silly asyncMap in gTP /home/vince/.npm/jsonlint/1.5.1/___package.npm/package/test/fails/24.json
silly asyncMap in gTP /home/vince/.npm/jsonlint/1.5.1/___package.npm/package/test/fails/10.json
silly asyncMap in gTP /home/vince/.npm/jsonlint/1.5.1/___package.npm/package/test/fails/33.json
silly asyncMap in gTP /home/vince/.npm/jsonlint/1.5.1/___package.npm/package/test/fails/22.json
silly asyncMap in gTP /home/vince/.npm/jsonlint/1.5.1/___package.npm/package/test/fails/5.json
silly asyncMap in gTP /home/vince/.npm/jsonlint/1.5.1/___package.npm/package/test/fails/12.json
silly asyncMap in gTP /home/vince/.npm/jsonlint/1.5.1/___package.npm/package/test/fails/13.json
silly asyncMap in gTP /home/vince/.npm/jsonlint/1.5.1/___package.npm/package/test/fails/21.json
silly asyncMap in gTP /home/vince/.npm/jsonlint/1.5.1/___package.npm/package/test/fails/30.json
silly asyncMap in gTP /home/vince/.npm/jsonlint/1.5.1/___package.npm/package/test/fails/25.json
silly asyncMap in gTP /home/vince/.npm/jsonlint/1.5.1/___package.npm/package/test/fails/14.json
silly asyncMap in gTP /home/vince/.npm/jsonlint/1.5.1/___package.npm/package/test/fails/19.json
silly asyncMap in gTP /home/vince/.npm/jsonlint/1.5.1/___package.npm/package/test/fails/3.json
silly asyncMap in gTP /home/vince/.npm/jsonlint/1.5.1/___package.npm/package/test/fails/34.json
silly asyncMap in gTP /home/vince/.npm/jsonlint/1.5.1/___package.npm/package/test/fails/32.json
silly asyncMap in gTP /home/vince/.npm/jsonlint/1.5.1/___package.npm/package/test/fails/28.json
silly asyncMap in gTP /home/vince/.npm/jsonlint/1.5.1/___package.npm/package/test/fails/7.json
silly asyncMap in gTP /home/vince/.npm/jsonlint/1.5.1/___package.npm/package/test/fails/8.json
silly asyncMap in gTP /home/vince/.npm/jsonlint/1.5.1/___package.npm/package/test/fails/31.json
silly asyncMap in gTP /home/vince/.npm/jsonlint/1.5.1/___package.npm/package/test/fails/15.json
silly asyncMap in gTP /home/vince/.npm/jsonlint/1.5.1/___package.npm/package/test/fails/16.json
silly asyncMap in gTP /home/vince/.npm/jsonlint/1.5.1/___package.npm/package/test/fails/29.json
silly asyncMap in gTP /home/vince/.npm/jsonlint/1.5.1/___package.npm/package/test/fails/23.json
silly asyncMap in gTP /home/vince/.npm/jsonlint/1.5.1/___package.npm/package/test/fails/2.json
silly asyncMap in gTP /home/vince/.npm/jsonlint/1.5.1/___package.npm/package/test/fails/4.json
silly asyncMap in gTP /home/vince/.npm/jsonlint/1.5.1/___package.npm/package/test/fails/26.json
silly asyncMap in gTP /home/vince/.npm/jsonlint/1.5.1/___package.npm/package/test/fails/20.json
silly asyncMap in gTP /home/vince/.npm/jsonlint/1.5.1/___package.npm/package/test/fails/11.json
silly asyncMap in gTP /home/vince/.npm/jsonlint/1.5.1/___package.npm/package/test/fails/27.json
silly asyncMap in gTP /home/vince/.npm/jsonlint/1.5.1/___package.npm/package/test/fails/6.json
silly asyncMap in gTP /home/vince/.npm/jsonlint/1.5.1/___package.npm/package/test/fails/9.json
silly asyncMap in gTP /home/vince/.npm/jsonlint/1.5.1/___package.npm/package/test/fails/17.json
silly asyncMap in gTP /home/vince/.npm/jsonlint/1.5.1/___package.npm/package/test/passes
silly asyncMap in gTP /home/vince/.npm/jsonlint/1.5.1/___package.npm/package/test/passes/3.json
silly asyncMap in gTP /home/vince/.npm/jsonlint/1.5.1/___package.npm/package/test/passes/1.json
silly asyncMap in gTP /home/vince/.npm/jsonlint/1.5.1/___package.npm/package/test/passes/2.json
silly chmod package 755
verbose gunzed /home/vince/.npm/jsonlint/1.5.1/___package.npm/package
verbose rm'ed /home/vince/.npm/jsonlint/1.5.1/package
verbose renamed [ '/home/vince/.npm/jsonlint/1.5.1/___package.npm/package',
verbose renamed   '/home/vince/.npm/jsonlint/1.5.1/package' ]
verbose caching /home/vince/.npm/jsonlint/1.5.1/package/package.json
verbose loadDefaults jsonlint@1.5.1
silly updated sha bytes 19121
info shasum a011eb89d11a1365a56123c07f9f44a9674da245
info shasum /home/vince/.npm/jsonlint/1.5.1/package.tgz
verbose from cache /home/vince/.npm/jsonlint/1.5.1/package/package.json
verbose chmod /home/vince/.npm/jsonlint/1.5.1/package.tgz 644
verbose chown [ '/home/vince/.npm/jsonlint/1.5.1/package.tgz', 1000, 1000 ]
silly resolved [ { author: 
silly resolved      { name: 'Zach Carter',
silly resolved        email: 'zach@carter.name',
silly resolved        url: 'http://zaa.ch' },
silly resolved     name: 'jsonlint',
silly resolved     description: 'Validate JSON',
silly resolved     keywords: [ 'json', 'validation', 'lint', 'jsonlint' ],
silly resolved     version: '1.5.1',
silly resolved     preferGlobal: true,
silly resolved     repository: { type: 'git', url: 'git://github.com/zaach/jsonlint.git' },
silly resolved     bugs: { url: 'http://github.com/zaach/jsonlint/issues' },
silly resolved     main: 'lib/jsonlint.js',
silly resolved     bin: { jsonlint: 'lib/cli.js' },
silly resolved     engines: { node: '>= 0.6' },
silly resolved     dependencies: { nomnom: '>= 1.5.x', JSV: '>= 4.0.x' },
silly resolved     devDependencies: { test: '*', jison: '*', 'uglify-js': '*' },
silly resolved     scripts: { test: 'node test/all-tests.js' },
silly resolved     homepage: 'http://zaach.github.com/jsonlint/',
silly resolved     optionalDependencies: {},
silly resolved     _id: 'jsonlint@1.5.1',
silly resolved     _engineSupported: true,
silly resolved     _npmVersion: '1.1.4',
silly resolved     _nodeVersion: 'v0.6.12',
silly resolved     _defaultsLoaded: true,
silly resolved     dist: { shasum: 'a011eb89d11a1365a56123c07f9f44a9674da245' },
silly resolved     _from: 'jsonlint' } ]
info into /usr/local/lib jsonlint@1.5.1
info installOne jsonlint@1.5.1
verbose from cache /home/vince/.npm/jsonlint/1.5.1/package/package.json
info unbuild /usr/local/lib/node_modules/jsonlint
verbose mkdir (expected) error ENOENT, no such file or directory '/usr/local/lib/node_modules'
verbose unpack_ uid, gid [ undefined, undefined ]
verbose unpackTarget /usr/local/lib/node_modules/jsonlint
ERR! Could not create /usr/local/lib/node_modules/___jsonlint.npm
ERR! error installing jsonlint@1.5.1
info unbuild /usr/local/lib/node_modules/jsonlint
verbose installOne cb jsonlint@1.5.1
ERR! Error: EACCES, permission denied '/usr/local/lib/node_modules'
ERR! 
ERR! Please try running this command again as root/Administrator.
ERR! 
ERR! System Linux 3.2.0-36-generic
ERR! command "node" "/usr/bin/npm" "install" "jsonlint" "-g"
ERR! cwd /home/vince/public_html/vinsdeloire/project
ERR! node -v v0.6.12
ERR! npm -v 1.1.4
ERR! path /usr/local/lib/node_modules
ERR! code EACCES
ERR! message EACCES, permission denied '/usr/local/lib/node_modules'
ERR! errno {}
verbose exit [ 1, true ]
